 ****** PrimeSim HSPICE -- R-2020.12-SP2 linux64 (May 24 2021 7074677) ******
  Copyright (c) 1986 - 2021 by Synopsys, Inc. All Rights Reserved.
  This software and the associated documentation are proprietary
  to Synopsys, Inc. This software may only be used in accordance
  with the terms and conditions of a written license agreement with
  Synopsys, Inc. All other use, reproduction, or distribution of
  this software is strictly prohibited.
  Input File: cgb.ctl                                                           
  Command line options: /gscratch/ece/vlsiapps/hspice/current/hspice/linux64/hspice -mt 4 -i cgb.ctl -o outputs/
  Start time: Fri Oct 15 15:36:04 2021
 lic:  
 lic: FLEXlm: SDK_12.9.5 
 lic: USER:   jpark25              HOSTNAME: n3000.hyak.local 
 lic: HOSTID: "0894efb509e8"       PID:      49055 
 lic: Using FLEXlm license file: 
 lic: 27008@synopsysls.s.uw.edu 
 lic: Checkout 2 hspice 
 lic: License/Maintenance for hspice will expire on 24-jan-2023/2020.12 
 lic: 2(in_use)/100(total) FLOATING license(s) on SERVER 27008@synopsysls.s.uw.edu 
 lic:   
  **warning** multiple output options specified, using psf
1****** PrimeSim HSPICE -- R-2020.12-SP2 linux64 (May 24 2021 7074677) ******
 ******  
 cgb

 ****** circuit name directory
 circuit number to circuit name directory
   number circuitname                     definition         multiplier
        0 main circuit
        1 x1.                             cgb                1.00 
  **info** (cgb.ctl:34) DC voltage reset to initial transient source value in source 0:vvi. new dc=0.0000D+00
  **warning** (nmos_vtg:x1.m0 (./cgb.ckt:13)) Warning:  Acde = 0.276941 may be too small in BSIM4 model with w=1e-06 l=6e-08.
  **warning** (cgb.ctl:48) Could not find branch element vi ;branch output ignored
  
  
 ******  
 cgb

 ****** element node table

  **warning** the following singular supplies were terminated to 1 meg resistor 
          supply       node1            node2
(cgb.ctl:22)vvdd                    0:vdd!             defined in subckt 0                     0:0                defined in subckt 0               
                                                                                      
 0                vvdd             vvi              vvss                              
 vdd!             vvdd                                                                
 vi               vvi              x1.m0:d          x1.m0:g          x1.m0:s          
 vss!             vvss             x1.m0:b                                            
 *****************************************************************
 ******  option summary
 ******
 runlvl  = 3         bypass  = 2.0000    
 lic: Checkin 1 hspice token(s) 
  
  Opening plot unit= 15
 file=outputs/cgb.pa0

 **info** dc convergence successful at Newton-Raphson method 
 ******  
 cgb

 ****** transient analysis tnom=  25.000 temp=  25.000 ******

 **warning** zero value is used for the non-existance
             output variable in the expression.
             you may have output variables with
             a long path name.
 ******
 cgb

 ****** transient analysis tnom=  25.000 temp=  25.000 ******
 cgb=   failed
 qg_049= 2.9780e-16
 qg_05= 4.5792e-16
 cgb_cal= 1.6013e-16

          ***** job concluded
 ******  
 cgb

 ****** job statistics summary tnom=  25.000 temp=  25.000 ******
  
 ******  Machine Information  ******
 CPU:
 model name	: Intel(R) Xeon(R) Gold 6230 CPU @ 2.10GHz
 cpu MHz	: 800.482
 CPU(s)		: 40
  
 OS:
 Linux version 4.18.0-240.el8.x86_64 (mockbuild@kbuilder.bsys.centos.org) (gcc version 8.3.1 20191121 (Red Hat 8.3.1-5) (GCC)) #1 SMP Fri Sep 25 19:48:47 UTC 2020

 System loadavg : 2.68 2.18 1.96 2/1419 49066


  ******  PrimeSim HSPICE Threads Information  ******

  Command Line Threads Count :     4
  Available CPU Count        :    40
  Actual Threads Count       :     1


  ******  Circuit Statistics  ******
  # nodes       =       8 # elements   =       5
  # resistors   =       1 # capacitors =       0 # inductors   =       0
  # mutual_inds =       0 # vccs       =       0 # vcvs        =       0
  # cccs        =       0 # ccvs       =       0 # volt_srcs   =       3
  # curr_srcs   =       0 # diodes     =       0 # bjts        =       0
  # jfets       =       0 # mosfets    =       1 # U elements  =       0
  # T elements  =       0 # W elements =       0 # B elements  =       0
  # S elements  =       0 # P elements =       0 # va device   =       0
  # vector_srcs =       0 # N elements =       0


  ******  Runtime Statistics (seconds)  ******

  analysis           time    # points   tot. iter  conv.iter
  op point           0.01           1           3
  transient          0.00        1001          73          35 rev=         2
  readin             0.06
  errchk             0.01
  setup              0.00
  output             0.00


           peak memory used        531.94 megabytes
           total cpu time            0.08 seconds
           total elapsed time        4.03 seconds
           job started at     15:36:04 10/15/2021
           job ended   at     15:36:08 10/15/2021
           job total runtime         4.03 seconds


 lic: Release hspice token(s) 
 lic: total license checkout elapse time:        3.94(s)
