 ****** PrimeSim HSPICE -- R-2020.12-SP2 linux64 (May 24 2021 7074677) ******
  Copyright (c) 1986 - 2021 by Synopsys, Inc. All Rights Reserved.
  This software and the associated documentation are proprietary
  to Synopsys, Inc. This software may only be used in accordance
  with the terms and conditions of a written license agreement with
  Synopsys, Inc. All other use, reproduction, or distribution of
  this software is strictly prohibited.
  Input File: q5c.ctl                                                           
  Command line options: /gscratch/ece/vlsiapps/hspice/current/hspice/linux64/hspice -mt 4 -i q5c.ctl -o outputs/
  Start time: Fri Oct 15 11:52:45 2021
 lic:  
 lic: FLEXlm: SDK_12.9.5 
 lic: USER:   jpark25              HOSTNAME: n3000.hyak.local 
 lic: HOSTID: "0894efb509e8"       PID:      31779 
 lic: Using FLEXlm license file: 
 lic: 27008@synopsysls.s.uw.edu 
 lic: Checkout 2 hspice 
 lic: License/Maintenance for hspice will expire on 24-jan-2023/2020.12 
 lic: 2(in_use)/100(total) FLOATING license(s) on SERVER 27008@synopsysls.s.uw.edu 
 lic:   
  **warning** multiple output options specified, using psf
1****** PrimeSim HSPICE -- R-2020.12-SP2 linux64 (May 24 2021 7074677) ******
 ******  
 q5c

 ****** circuit name directory
 circuit number to circuit name directory
   number circuitname                     definition         multiplier
        0 main circuit
        1 x1.                             q5c                1.00 
  **warning** (nmos_vtg:x1.m1 (./q5c.ckt:14)) Warning:  Acde = 0.276941 may be too small in BSIM4 model with w=1e-06 l=6e-08.
  
  
 ******  
 q5c

 ****** element node table
                                                                                      
 0                vvdd             vvss                                               
 vd               vvd              x1.m0:d          x1.m1:d                           
 vdd!             vvdd             x1.m0:s          x1.m0:b                           
 vg               vvg              x1.m0:g          x1.m1:g                           
 vss!             vvd              vvg              vvss             x1.m1:s          
                  x1.m1:b                                                             
 **info** set option symb=1 internally to help for convergence.
 *****************************************************************
 ******  option summary
 ******
 runlvl  = 3         bypass  = 2.0000    
 lic: Checkin 1 hspice token(s) 
  
  Opening plot unit= 15
 file=outputs/q5c.pa0

 ******
 q5c

 ****** dc transfer curves tnom=  25.000 temp=  25.000 ******
 isd= 1.6009e-04
 ids= 2.5550e-04
 beta_ratio= 1.5960e+00

          ***** job concluded
 ******  
 q5c

 ****** job statistics summary tnom=  25.000 temp=  25.000 ******
  
 ******  Machine Information  ******
 CPU:
 model name	: Intel(R) Xeon(R) Gold 6230 CPU @ 2.10GHz
 cpu MHz	: 800.565
 CPU(s)		: 40
  
 OS:
 Linux version 4.18.0-240.el8.x86_64 (mockbuild@kbuilder.bsys.centos.org) (gcc version 8.3.1 20191121 (Red Hat 8.3.1-5) (GCC)) #1 SMP Fri Sep 25 19:48:47 UTC 2020

 System loadavg : 1.21 1.57 1.04 1/1612 31800


  ******  PrimeSim HSPICE Threads Information  ******

  Command Line Threads Count :     4
  Available CPU Count        :    40
  Actual Threads Count       :     1


  ******  Circuit Statistics  ******
  # nodes       =      13 # elements   =       6
  # resistors   =       0 # capacitors =       0 # inductors   =       0
  # mutual_inds =       0 # vccs       =       0 # vcvs        =       0
  # cccs        =       0 # ccvs       =       0 # volt_srcs   =       4
  # curr_srcs   =       0 # diodes     =       0 # bjts        =       0
  # jfets       =       0 # mosfets    =       2 # U elements  =       0
  # T elements  =       0 # W elements =       0 # B elements  =       0
  # S elements  =       0 # P elements =       0 # va device   =       0
  # vector_srcs =       0 # N elements =       0


  ******  Runtime Statistics (seconds)  ******

  analysis           time    # points   tot. iter  conv.iter
  op point           0.00           1           0
  dc sweep           0.22       10001       20004
  readin             0.10
  errchk             0.01
  setup              0.00
  output             0.00


           peak memory used        532.08 megabytes
           total cpu time            0.35 seconds
           total elapsed time        2.69 seconds
           job started at     11:52:45 10/15/2021
           job ended   at     11:52:48 10/15/2021
           job total runtime         2.69 seconds


 lic: Release hspice token(s) 
 lic: total license checkout elapse time:        2.30(s)
