 ****** PrimeSim HSPICE -- S-2021.09 linux64 (Aug 25 2021 7230000) ******
  Copyright (c) 1986 - 2021 by Synopsys, Inc. All Rights Reserved.
  This software and the associated documentation are proprietary
  to Synopsys, Inc. This software may only be used in accordance
  with the terms and conditions of a written license agreement with
  Synopsys, Inc. All other use, reproduction, or distribution of
  this software is strictly prohibited.
  Input File: loaded_inverter.ctl                                               
  Command line options: /gscratch/ece/tools/vlsiapps/hspice/current/hspice/linux64/hspice -mt 4 -i loaded_inverter.ctl -o outputs/
  Start time: Sat Oct 23 03:24:32 2021
 lic:  
 lic: FLEXlm: SDK_12.9.6 
 lic: USER:   jpark25              HOSTNAME: n3002.hyak.local 
 lic: HOSTID: 400a0241             PID:      75599 
 lic: Using FLEXlm license file: 
 lic: 27008@synopsysls.s.uw.edu 
 lic: Checkout 2 hspice 
 lic: License/Maintenance for hspice will expire on 24-jan-2023/2020.12 
 lic: 2(in_use)/100(total) FLOATING license(s) on SERVER 27008@synopsysls.s.uw.edu 
 lic:   
  **warning** multiple output options specified, using post
1****** PrimeSim HSPICE -- S-2021.09 linux64 (Aug 25 2021 7230000) ******
 ******  
 loaded_inverter

 ****** circuit name directory
 circuit number to circuit name directory
   number circuitname                     definition         multiplier
        0 main circuit
        1 x1.                             loaded_inverter    1.00 
        2 x1.xi0.                         invd1              1.00 
  **info** (loaded_inverter.ctl:42) DC voltage reset to initial transient source value in source 0:vvi. new dc=0.0000D+00
  **warning** (nmos_vtg:x1.xi0.m0 (./loaded_inverter.ckt:6)) Warning:  Acde = 0.276941 may be too small in BSIM4 model with w=3e-07 l=6e-08.
  
 ******  
 loaded_inverter

 ****** element node table
                                                                                      
 0                vvdd             vvi              vvss                              
 vdd!             vvdd             x1.xi0.m1:s      x1.xi0.m1:b                       
 vi               vvi              x1.xi0.m0:g      x1.xi0.m1:g                       
 vo               x1.c0            x1.xi0.m0:d      x1.xi0.m1:d                       
 vss!             x1.c0            vvss             x1.xi0.m0:s      x1.xi0.m0:b      
 **info** set option symb=1 internally to help for convergence.
 *****************************************************************
 ******  option summary
 ******
 runlvl  = 3         bypass  = 2.0000    
 lic: Checkin 1 hspice token(s) 
  Opening plot unit= 15
 file=outputs/loaded_inverter.pa0

 **info** dc convergence successful at Newton-Raphson method 

   *** parameter vdd =    8.000E-01 ***

 ******
 loaded_inverter

 ****** transient analysis tnom=  25.000 temp=  25.000 ******
 rise_delay= 4.1421e-11  targ= 2.0564e-09   trig= 2.0150e-09
 fall_delay= 3.4167e-11  targ= 1.0392e-09   trig= 1.0050e-09
 rise_time= 5.2166e-11  targ= 2.0854e-09   trig= 2.0332e-09
 fall_time= 4.0565e-11  targ= 1.0609e-09   trig= 1.0203e-09

          ***** job concluded
 **info** dc convergence successful at Newton-Raphson method 

   *** parameter vdd =    1.200E+00 ***

 ******
 loaded_inverter

 ****** transient analysis tnom=  25.000 temp=  25.000 ******
 rise_delay= 2.6786e-11  targ= 2.0418e-09   trig= 2.0150e-09
 fall_delay= 2.3390e-11  targ= 1.0284e-09   trig= 1.0050e-09
 rise_time= 3.5057e-11  targ= 2.0620e-09   trig= 2.0269e-09
 fall_time= 2.9123e-11  targ= 1.0448e-09   trig= 1.0157e-09

          ***** job concluded
 ******  
 loaded_inverter

 ****** job statistics summary tnom=  25.000 temp=  25.000 ******
  
 ******  Machine Information  ******
 CPU:
 model name	: Intel(R) Xeon(R) Gold 6230 CPU @ 2.10GHz
 cpu MHz	: 800.764
 CPU(s)		: 40
  
 OS:
 Linux version 4.18.0-240.el8.x86_64 (mockbuild@kbuilder.bsys.centos.org) (gcc version 8.3.1 20191121 (Red Hat 8.3.1-5) (GCC)) #1 SMP Fri Sep 25 19:48:47 UTC 2020

 System loadavg : 0.04 0.14 0.18 1/1466 75609


  ******  PrimeSim HSPICE Threads Information  ******

  Command Line Threads Count :     4
  Available CPU Count        :    40
  Actual Threads Count       :     1


  ******  Circuit Statistics  ******
  # nodes       =      13 # elements   =       6
  # resistors   =       0 # capacitors =       1 # inductors   =       0
  # mutual_inds =       0 # vccs       =       0 # vcvs        =       0
  # cccs        =       0 # ccvs       =       0 # volt_srcs   =       3
  # curr_srcs   =       0 # diodes     =       0 # bjts        =       0
  # jfets       =       0 # mosfets    =       2 # U elements  =       0
  # T elements  =       0 # W elements =       0 # B elements  =       0
  # S elements  =       0 # P elements =       0 # va device   =       0
  # vector_srcs =       0 # N elements =       0


  ******  Runtime Statistics (seconds)  ******

  analysis           time    # points   tot. iter  conv.iter
  op point           0.01           1           8
  transient          0.01        6042         332         151 rev=        24
  readin             0.02
  errchk             0.00
  setup              0.00
  output             0.00


           peak memory used        541.45 megabytes
           total cpu time            0.05 seconds
           total elapsed time        1.38 seconds
           job started at     03:24:32 10/23/2021
           job ended   at     03:24:34 10/23/2021
           job total runtime         1.38 seconds


 lic: Release hspice token(s) 
 lic: total license checkout elapse time:        1.31(s)
