 ****** PrimeSim HSPICE -- R-2020.12-SP2 linux64 (May 24 2021 7074677) ******
  Copyright (c) 1986 - 2021 by Synopsys, Inc. All Rights Reserved.
  This software and the associated documentation are proprietary
  to Synopsys, Inc. This software may only be used in accordance
  with the terms and conditions of a written license agreement with
  Synopsys, Inc. All other use, reproduction, or distribution of
  this software is strictly prohibited.
  Input File: q5e.ctl                                                           
  Command line options: /gscratch/ece/vlsiapps/hspice/current/hspice/linux64/hspice -mt 2 -i q5e.ctl -o outputs/
  Start time: Fri Oct 15 13:03:35 2021
 lic:  
 lic: FLEXlm: SDK_12.9.5 
 lic: USER:   jpark25              HOSTNAME: n3000.hyak.local 
 lic: HOSTID: "0894efb509e8"       PID:      38191 
 lic: Using FLEXlm license file: 
 lic: 27008@synopsysls.s.uw.edu 
 lic: Checkout 1 hspice 
 lic: License/Maintenance for hspice will expire on 24-jan-2023/2020.12 
 lic: 1(in_use)/100(total) FLOATING license(s) on SERVER 27008@synopsysls.s.uw.edu 
 lic:   
  **warning** multiple output options specified, using psf
1****** PrimeSim HSPICE -- R-2020.12-SP2 linux64 (May 24 2021 7074677) ******
 ******  
 q5e

 ****** circuit name directory
 circuit number to circuit name directory
   number circuitname                     definition         multiplier
        0 main circuit
        1 x1.                             q5e                1.00 
  **warning** (pmos_vtg:x1.m0 (./q5e.ckt:13)) Warning:  Acde = 0.300892 may be too small in BSIM4 model with w=1e-06 l=6e-08.
  
  
 ******  
 q5e

 ****** element node table

  **warning** the following singular supplies were terminated to 1 meg resistor 
          supply       node1            node2
(q5e.ctl:23)vvss                    0:vss!             defined in subckt 0                     0:0                defined in subckt 0               
                                                                                      
 0                vvdd             vvsd             vvsg             vvss             
 vdd!             vvdd             x1.m0:s          x1.m0:b                           
 vsd              vvsd             x1.m0:d                                            
 vsg              vvsg             x1.m0:g                                            
 vss!             vvss                                                                
 *****************************************************************
 ******  option summary
 ******
 runlvl  = 3         bypass  = 2.0000    
  
  Opening plot unit= 15
 file=outputs/q5e.pa0

 ******
 q5e

 ****** dc transfer curves tnom=  25.000 temp=  25.000 ******
 gsd=-5.0015e-05
 isd= 1.2647e-04
 lambda= 3.9548e-01

          ***** job concluded
 ******  
 q5e

 ****** job statistics summary tnom=  25.000 temp=  25.000 ******
  
 ******  Machine Information  ******
 CPU:
 model name	: Intel(R) Xeon(R) Gold 6230 CPU @ 2.10GHz
 cpu MHz	: 800.136
 CPU(s)		: 40
  
 OS:
 Linux version 4.18.0-240.el8.x86_64 (mockbuild@kbuilder.bsys.centos.org) (gcc version 8.3.1 20191121 (Red Hat 8.3.1-5) (GCC)) #1 SMP Fri Sep 25 19:48:47 UTC 2020

 System loadavg : 0.69 0.93 2.18 1/1596 38202


  ******  PrimeSim HSPICE Threads Information  ******

  Command Line Threads Count :     2
  Available CPU Count        :    40
  Actual Threads Count       :     1


  ******  Circuit Statistics  ******
  # nodes       =       9 # elements   =       6
  # resistors   =       1 # capacitors =       0 # inductors   =       0
  # mutual_inds =       0 # vccs       =       0 # vcvs        =       0
  # cccs        =       0 # ccvs       =       0 # volt_srcs   =       4
  # curr_srcs   =       0 # diodes     =       0 # bjts        =       0
  # jfets       =       0 # mosfets    =       1 # U elements  =       0
  # T elements  =       0 # W elements =       0 # B elements  =       0
  # S elements  =       0 # P elements =       0 # va device   =       0
  # vector_srcs =       0 # N elements =       0


  ******  Runtime Statistics (seconds)  ******

  analysis           time    # points   tot. iter  conv.iter
  op point           0.00           1           0
  dc sweep           0.21       10001       20004
  readin             0.04
  errchk             0.01
  setup              0.00
  output             0.00


           peak memory used        532.08 megabytes
           total cpu time            0.27 seconds
           total elapsed time        4.01 seconds
           job started at     13:03:35 10/15/2021
           job ended   at     13:03:39 10/15/2021
           job total runtime         4.01 seconds


 lic: Release hspice token(s) 
 lic: total license checkout elapse time:        3.73(s)
